<?xml version="1.0" encoding="UTF-8"?>
<!-- Generated by org.testng.reporters.JUnitXMLReporter -->
<testsuite ignored="0" hostname="DESKTOP-35NB1NJ" failures="0" tests="4" name="Test" time="0.099" errors="0" timestamp="2023-01-07T23:00:02 IST">
  <testcase classname="qaclickacademy.SeleniumTest" name="BrowserAutomation" time="0.009"/>
  <testcase classname="qaclickacademy.SeleniumTest" name="elementsUi" time="0.001"/>
  <testcase classname="qaclickacademy.RESTAPITest" name="deleteTwitter" time="0.001"/>
  <testcase classname="qaclickacademy.RESTAPITest" name="postJira" time="0.001"/>
</testsuite> <!-- Test -->
