<?xml version="1.0" encoding="UTF-8"?>
<testng-results ignored="0" total="4" passed="4" failed="0" skipped="0">
  <reporter-output>
  </reporter-output>
  <suite started-at="2023-01-07T23:00:02 IST" name="Suite" finished-at="2023-01-07T23:00:02 IST" duration-ms="99">
    <groups>
    </groups>
    <test started-at="2023-01-07T23:00:02 IST" name="Test" finished-at="2023-01-07T23:00:02 IST" duration-ms="99">
      <class name="qaclickacademy.RESTAPITest">
        <test-method signature="deleteTwitter()[pri:0, instance:qaclickacademy.RESTAPITest@5824a83d]" started-at="2023-01-07T23:00:02 IST" name="deleteTwitter" finished-at="2023-01-07T23:00:02 IST" duration-ms="1" status="PASS">
          <reporter-output>
          </reporter-output>
        </test-method> <!-- deleteTwitter -->
        <test-method signature="postJira()[pri:0, instance:qaclickacademy.RESTAPITest@5824a83d]" started-at="2023-01-07T23:00:02 IST" name="postJira" finished-at="2023-01-07T23:00:02 IST" duration-ms="1" status="PASS">
          <reporter-output>
          </reporter-output>
        </test-method> <!-- postJira -->
      </class> <!-- qaclickacademy.RESTAPITest -->
      <class name="qaclickacademy.SeleniumTest">
        <test-method signature="BrowserAutomation()[pri:0, instance:qaclickacademy.SeleniumTest@534a5a98]" started-at="2023-01-07T23:00:02 IST" name="BrowserAutomation" finished-at="2023-01-07T23:00:02 IST" duration-ms="9" status="PASS">
          <reporter-output>
          </reporter-output>
        </test-method> <!-- BrowserAutomation -->
        <test-method signature="elementsUi()[pri:0, instance:qaclickacademy.SeleniumTest@534a5a98]" started-at="2023-01-07T23:00:02 IST" name="elementsUi" finished-at="2023-01-07T23:00:02 IST" duration-ms="1" status="PASS">
          <reporter-output>
          </reporter-output>
        </test-method> <!-- elementsUi -->
      </class> <!-- qaclickacademy.SeleniumTest -->
    </test> <!-- Test -->
  </suite> <!-- Suite -->
</testng-results>
